{"/Users/danyvassily/Documents/git-DEV/projetfinal-dany/server.js": {"path":"/Users/danyvassily/Documents/git-DEV/projetfinal-dany/server.js","statementMap":{"0":{"start":{"line":1,"column":16},"end":{"line":1,"column":34}},"1":{"start":{"line":2,"column":19},"end":{"line":2,"column":41}},"2":{"start":{"line":3,"column":21},"end":{"line":3,"column":45}},"3":{"start":{"line":4,"column":13},"end":{"line":4,"column":28}},"4":{"start":{"line":5,"column":15},"end":{"line":5,"column":32}},"5":{"start":{"line":6,"column":19},"end":{"line":6,"column":50}},"6":{"start":{"line":7,"column":19},"end":{"line":7,"column":50}},"7":{"start":{"line":8,"column":35},"end":{"line":8,"column":74}},"8":{"start":{"line":9,"column":18},"end":{"line":9,"column":40}},"9":{"start":{"line":10,"column":0},"end":{"line":10,"column":35}},"10":{"start":{"line":12,"column":0},"end":{"line":12,"column":41}},"11":{"start":{"line":14,"column":12},"end":{"line":14,"column":21}},"12":{"start":{"line":17,"column":20},"end":{"line":23,"column":1}},"13":{"start":{"line":25,"column":0},"end":{"line":25,"column":27}},"14":{"start":{"line":26,"column":0},"end":{"line":26,"column":27}},"15":{"start":{"line":27,"column":0},"end":{"line":27,"column":51}},"16":{"start":{"line":28,"column":0},"end":{"line":28,"column":24}},"17":{"start":{"line":31,"column":0},"end":{"line":31,"column":61}},"18":{"start":{"line":34,"column":0},"end":{"line":34,"column":24}},"19":{"start":{"line":37,"column":0},"end":{"line":39,"column":3}},"20":{"start":{"line":38,"column":2},"end":{"line":38,"column":44}},"21":{"start":{"line":42,"column":0},"end":{"line":42,"column":33}},"22":{"start":{"line":43,"column":0},"end":{"line":43,"column":33}},"23":{"start":{"line":46,"column":13},"end":{"line":46,"column":37}},"24":{"start":{"line":47,"column":0},"end":{"line":49,"column":3}},"25":{"start":{"line":48,"column":2},"end":{"line":48,"column":59}},"26":{"start":{"line":51,"column":0},"end":{"line":51,"column":21}}},"fnMap":{"0":{"name":"(anonymous_0)","decl":{"start":{"line":37,"column":31},"end":{"line":37,"column":32}},"loc":{"start":{"line":37,"column":45},"end":{"line":39,"column":1}},"line":37},"1":{"name":"(anonymous_1)","decl":{"start":{"line":47,"column":17},"end":{"line":47,"column":18}},"loc":{"start":{"line":47,"column":23},"end":{"line":49,"column":1}},"line":47}},"branchMap":{"0":{"loc":{"start":{"line":46,"column":13},"end":{"line":46,"column":37}},"type":"binary-expr","locations":[{"start":{"line":46,"column":13},"end":{"line":46,"column":29}},{"start":{"line":46,"column":33},"end":{"line":46,"column":37}}],"line":46}},"s":{"0":1,"1":1,"2":1,"3":1,"4":1,"5":1,"6":1,"7":1,"8":1,"9":1,"10":1,"11":1,"12":1,"13":1,"14":1,"15":1,"16":1,"17":1,"18":1,"19":1,"20":0,"21":1,"22":1,"23":1,"24":1,"25":1,"26":1},"f":{"0":0,"1":1},"b":{"0":[1,0]},"_coverageSchema":"1a1c01bbd47fc00a2c39e90264f33305004495a9","hash":"fbd13918342bd5bd9d4b1af71c050db85c2eca7e"}
,"/Users/danyvassily/Documents/git-DEV/projetfinal-dany/config/db.js": {"path":"/Users/danyvassily/Documents/git-DEV/projetfinal-dany/config/db.js","statementMap":{"0":{"start":{"line":1,"column":0},"end":{"line":1,"column":52}},"1":{"start":{"line":2,"column":17},"end":{"line":2,"column":36}},"2":{"start":{"line":4,"column":18},"end":{"line":18,"column":1}},"3":{"start":{"line":5,"column":2},"end":{"line":17,"column":3}},"4":{"start":{"line":6,"column":4},"end":{"line":8,"column":5}},"5":{"start":{"line":7,"column":6},"end":{"line":7,"column":13}},"6":{"start":{"line":9,"column":4},"end":{"line":12,"column":7}},"7":{"start":{"line":13,"column":4},"end":{"line":13,"column":38}},"8":{"start":{"line":15,"column":4},"end":{"line":15,"column":55}},"9":{"start":{"line":16,"column":4},"end":{"line":16,"column":20}},"10":{"start":{"line":20,"column":0},"end":{"line":20,"column":27}}},"fnMap":{"0":{"name":"(anonymous_0)","decl":{"start":{"line":4,"column":18},"end":{"line":4,"column":19}},"loc":{"start":{"line":4,"column":33},"end":{"line":18,"column":1}},"line":4}},"branchMap":{"0":{"loc":{"start":{"line":6,"column":4},"end":{"line":8,"column":5}},"type":"if","locations":[{"start":{"line":6,"column":4},"end":{"line":8,"column":5}},{"start":{},"end":{}}],"line":6}},"s":{"0":1,"1":1,"2":1,"3":1,"4":1,"5":0,"6":1,"7":1,"8":0,"9":0,"10":1},"f":{"0":1},"b":{"0":[0,1]},"_coverageSchema":"1a1c01bbd47fc00a2c39e90264f33305004495a9","hash":"d1cd99de4069fc13c18bf9ec05ede1ebb4ce40d3"}
,"/Users/danyvassily/Documents/git-DEV/projetfinal-dany/controllers/auth.controller.js": {"path":"/Users/danyvassily/Documents/git-DEV/projetfinal-dany/controllers/auth.controller.js","statementMap":{"0":{"start":{"line":1,"column":18},"end":{"line":1,"column":49}},"1":{"start":{"line":2,"column":12},"end":{"line":2,"column":35}},"2":{"start":{"line":3,"column":39},"end":{"line":3,"column":71}},"3":{"start":{"line":6,"column":15},"end":{"line":6,"column":19}},"4":{"start":{"line":9,"column":20},"end":{"line":13,"column":1}},"5":{"start":{"line":10,"column":2},"end":{"line":12,"column":5}},"6":{"start":{"line":16,"column":0},"end":{"line":31,"column":2}},"7":{"start":{"line":17,"column":2},"end":{"line":17,"column":52}},"8":{"start":{"line":18,"column":30},"end":{"line":18,"column":38}},"9":{"start":{"line":20,"column":2},"end":{"line":30,"column":3}},"10":{"start":{"line":21,"column":17},"end":{"line":21,"column":60}},"11":{"start":{"line":22,"column":4},"end":{"line":25,"column":7}},"12":{"start":{"line":27,"column":4},"end":{"line":27,"column":48}},"13":{"start":{"line":28,"column":19},"end":{"line":28,"column":36}},"14":{"start":{"line":29,"column":4},"end":{"line":29,"column":37}},"15":{"start":{"line":34,"column":0},"end":{"line":46,"column":2}},"16":{"start":{"line":35,"column":30},"end":{"line":35,"column":38}},"17":{"start":{"line":37,"column":2},"end":{"line":45,"column":3}},"18":{"start":{"line":38,"column":17},"end":{"line":38,"column":55}},"19":{"start":{"line":39,"column":18},"end":{"line":39,"column":39}},"20":{"start":{"line":40,"column":4},"end":{"line":40,"column":72}},"21":{"start":{"line":41,"column":4},"end":{"line":41,"column":45}},"22":{"start":{"line":43,"column":19},"end":{"line":43,"column":36}},"23":{"start":{"line":44,"column":4},"end":{"line":44,"column":37}},"24":{"start":{"line":49,"column":0},"end":{"line":52,"column":2}},"25":{"start":{"line":50,"column":2},"end":{"line":50,"column":39}},"26":{"start":{"line":51,"column":2},"end":{"line":51,"column":59}}},"fnMap":{"0":{"name":"(anonymous_0)","decl":{"start":{"line":9,"column":20},"end":{"line":9,"column":21}},"loc":{"start":{"line":9,"column":28},"end":{"line":13,"column":1}},"line":9},"1":{"name":"(anonymous_1)","decl":{"start":{"line":16,"column":24},"end":{"line":16,"column":25}},"loc":{"start":{"line":16,"column":44},"end":{"line":31,"column":1}},"line":16},"2":{"name":"(anonymous_2)","decl":{"start":{"line":34,"column":24},"end":{"line":34,"column":25}},"loc":{"start":{"line":34,"column":44},"end":{"line":46,"column":1}},"line":34},"3":{"name":"(anonymous_3)","decl":{"start":{"line":49,"column":24},"end":{"line":49,"column":25}},"loc":{"start":{"line":49,"column":38},"end":{"line":52,"column":1}},"line":49}},"branchMap":{},"s":{"0":1,"1":1,"2":1,"3":1,"4":1,"5":0,"6":1,"7":5,"8":5,"9":5,"10":5,"11":2,"12":3,"13":3,"14":3,"15":1,"16":0,"17":0,"18":0,"19":0,"20":0,"21":0,"22":0,"23":0,"24":1,"25":0,"26":0},"f":{"0":0,"1":5,"2":0,"3":0},"b":{},"_coverageSchema":"1a1c01bbd47fc00a2c39e90264f33305004495a9","hash":"6162af26ef9c8482255e27ec98e05272f4c3c30a"}
,"/Users/danyvassily/Documents/git-DEV/projetfinal-dany/controllers/post.controller.js": {"path":"/Users/danyvassily/Documents/git-DEV/projetfinal-dany/controllers/post.controller.js","statementMap":{"0":{"start":{"line":1,"column":18},"end":{"line":1,"column":49}},"1":{"start":{"line":2,"column":25},"end":{"line":2,"column":57}},"2":{"start":{"line":3,"column":17},"end":{"line":3,"column":51}},"3":{"start":{"line":4,"column":11},"end":{"line":4,"column":24}},"4":{"start":{"line":5,"column":22},"end":{"line":5,"column":37}},"5":{"start":{"line":6,"column":17},"end":{"line":6,"column":54}},"6":{"start":{"line":9,"column":30},"end":{"line":22,"column":1}},"7":{"start":{"line":10,"column":15},"end":{"line":15,"column":3}},"8":{"start":{"line":17,"column":2},"end":{"line":21,"column":5}},"9":{"start":{"line":18,"column":4},"end":{"line":20,"column":5}},"10":{"start":{"line":19,"column":6},"end":{"line":19,"column":45}},"11":{"start":{"line":25,"column":0},"end":{"line":25,"column":24}},"12":{"start":{"line":28,"column":0},"end":{"line":35,"column":2}},"13":{"start":{"line":29,"column":2},"end":{"line":34,"column":6}},"14":{"start":{"line":31,"column":20},"end":{"line":31,"column":34}},"15":{"start":{"line":33,"column":6},"end":{"line":33,"column":72}},"16":{"start":{"line":38,"column":0},"end":{"line":83,"column":2}},"17":{"start":{"line":39,"column":17},"end":{"line":39,"column":19}},"18":{"start":{"line":41,"column":2},"end":{"line":67,"column":3}},"19":{"start":{"line":42,"column":4},"end":{"line":66,"column":5}},"20":{"start":{"line":43,"column":6},"end":{"line":45,"column":7}},"21":{"start":{"line":44,"column":8},"end":{"line":44,"column":36}},"22":{"start":{"line":47,"column":6},"end":{"line":47,"column":58}},"23":{"start":{"line":47,"column":34},"end":{"line":47,"column":58}},"24":{"start":{"line":49,"column":6},"end":{"line":49,"column":58}},"25":{"start":{"line":52,"column":25},"end":{"line":52,"column":56}},"26":{"start":{"line":53,"column":23},"end":{"line":53,"column":50}},"27":{"start":{"line":56,"column":6},"end":{"line":58,"column":7}},"28":{"start":{"line":57,"column":8},"end":{"line":57,"column":54}},"29":{"start":{"line":61,"column":6},"end":{"line":61,"column":50}},"30":{"start":{"line":63,"column":6},"end":{"line":63,"column":53}},"31":{"start":{"line":64,"column":21},"end":{"line":64,"column":38}},"32":{"start":{"line":65,"column":6},"end":{"line":65,"column":46}},"33":{"start":{"line":70,"column":18},"end":{"line":75,"column":4}},"34":{"start":{"line":77,"column":2},"end":{"line":82,"column":3}},"35":{"start":{"line":78,"column":17},"end":{"line":78,"column":37}},"36":{"start":{"line":79,"column":4},"end":{"line":79,"column":31}},"37":{"start":{"line":81,"column":4},"end":{"line":81,"column":30}},"38":{"start":{"line":86,"column":0},"end":{"line":93,"column":2}},"39":{"start":{"line":87,"column":2},"end":{"line":88,"column":65}},"40":{"start":{"line":88,"column":4},"end":{"line":88,"column":65}},"41":{"start":{"line":90,"column":2},"end":{"line":92,"column":75}},"42":{"start":{"line":91,"column":20},"end":{"line":91,"column":34}},"43":{"start":{"line":92,"column":20},"end":{"line":92,"column":73}},"44":{"start":{"line":96,"column":0},"end":{"line":120,"column":2}},"45":{"start":{"line":97,"column":2},"end":{"line":98,"column":60}},"46":{"start":{"line":98,"column":4},"end":{"line":98,"column":60}},"47":{"start":{"line":100,"column":2},"end":{"line":119,"column":3}},"48":{"start":{"line":101,"column":24},"end":{"line":115,"column":5}},"49":{"start":{"line":116,"column":4},"end":{"line":116,"column":38}},"50":{"start":{"line":118,"column":4},"end":{"line":118,"column":51}},"51":{"start":{"line":123,"column":0},"end":{"line":141,"column":2}},"52":{"start":{"line":124,"column":2},"end":{"line":125,"column":60}},"53":{"start":{"line":125,"column":4},"end":{"line":125,"column":60}},"54":{"start":{"line":127,"column":2},"end":{"line":140,"column":3}},"55":{"start":{"line":128,"column":24},"end":{"line":136,"column":5}},"56":{"start":{"line":137,"column":4},"end":{"line":137,"column":38}},"57":{"start":{"line":139,"column":4},"end":{"line":139,"column":51}},"58":{"start":{"line":144,"column":0},"end":{"line":163,"column":2}},"59":{"start":{"line":145,"column":2},"end":{"line":146,"column":79}},"60":{"start":{"line":146,"column":4},"end":{"line":146,"column":79}},"61":{"start":{"line":148,"column":2},"end":{"line":162,"column":3}},"62":{"start":{"line":149,"column":24},"end":{"line":153,"column":5}},"63":{"start":{"line":155,"column":4},"end":{"line":157,"column":5}},"64":{"start":{"line":156,"column":6},"end":{"line":156,"column":66}},"65":{"start":{"line":159,"column":4},"end":{"line":159,"column":38}},"66":{"start":{"line":161,"column":4},"end":{"line":161,"column":51}}},"fnMap":{"0":{"name":"(anonymous_0)","decl":{"start":{"line":9,"column":30},"end":{"line":9,"column":31}},"loc":{"start":{"line":9,"column":36},"end":{"line":22,"column":1}},"line":9},"1":{"name":"(anonymous_1)","decl":{"start":{"line":17,"column":15},"end":{"line":17,"column":16}},"loc":{"start":{"line":17,"column":22},"end":{"line":21,"column":3}},"line":17},"2":{"name":"(anonymous_2)","decl":{"start":{"line":28,"column":26},"end":{"line":28,"column":27}},"loc":{"start":{"line":28,"column":40},"end":{"line":35,"column":1}},"line":28},"3":{"name":"(anonymous_3)","decl":{"start":{"line":31,"column":10},"end":{"line":31,"column":11}},"loc":{"start":{"line":31,"column":20},"end":{"line":31,"column":34}},"line":31},"4":{"name":"(anonymous_4)","decl":{"start":{"line":32,"column":11},"end":{"line":32,"column":12}},"loc":{"start":{"line":33,"column":6},"end":{"line":33,"column":72}},"line":33},"5":{"name":"(anonymous_5)","decl":{"start":{"line":38,"column":28},"end":{"line":38,"column":29}},"loc":{"start":{"line":38,"column":48},"end":{"line":83,"column":1}},"line":38},"6":{"name":"(anonymous_6)","decl":{"start":{"line":86,"column":28},"end":{"line":86,"column":29}},"loc":{"start":{"line":86,"column":42},"end":{"line":93,"column":1}},"line":86},"7":{"name":"(anonymous_7)","decl":{"start":{"line":91,"column":10},"end":{"line":91,"column":11}},"loc":{"start":{"line":91,"column":20},"end":{"line":91,"column":34}},"line":91},"8":{"name":"(anonymous_8)","decl":{"start":{"line":92,"column":11},"end":{"line":92,"column":12}},"loc":{"start":{"line":92,"column":20},"end":{"line":92,"column":73}},"line":92},"9":{"name":"(anonymous_9)","decl":{"start":{"line":96,"column":29},"end":{"line":96,"column":30}},"loc":{"start":{"line":96,"column":49},"end":{"line":120,"column":1}},"line":96},"10":{"name":"(anonymous_10)","decl":{"start":{"line":123,"column":35},"end":{"line":123,"column":36}},"loc":{"start":{"line":123,"column":55},"end":{"line":141,"column":1}},"line":123},"11":{"name":"(anonymous_11)","decl":{"start":{"line":144,"column":28},"end":{"line":144,"column":29}},"loc":{"start":{"line":144,"column":48},"end":{"line":163,"column":1}},"line":144}},"branchMap":{"0":{"loc":{"start":{"line":18,"column":4},"end":{"line":20,"column":5}},"type":"if","locations":[{"start":{"line":18,"column":4},"end":{"line":20,"column":5}},{"start":{},"end":{}}],"line":18},"1":{"loc":{"start":{"line":41,"column":2},"end":{"line":67,"column":3}},"type":"if","locations":[{"start":{"line":41,"column":2},"end":{"line":67,"column":3}},{"start":{},"end":{}}],"line":41},"2":{"loc":{"start":{"line":43,"column":6},"end":{"line":45,"column":7}},"type":"if","locations":[{"start":{"line":43,"column":6},"end":{"line":45,"column":7}},{"start":{},"end":{}}],"line":43},"3":{"loc":{"start":{"line":47,"column":6},"end":{"line":47,"column":58}},"type":"if","locations":[{"start":{"line":47,"column":6},"end":{"line":47,"column":58}},{"start":{},"end":{}}],"line":47},"4":{"loc":{"start":{"line":56,"column":6},"end":{"line":58,"column":7}},"type":"if","locations":[{"start":{"line":56,"column":6},"end":{"line":58,"column":7}},{"start":{},"end":{}}],"line":56},"5":{"loc":{"start":{"line":73,"column":13},"end":{"line":73,"column":57}},"type":"cond-expr","locations":[{"start":{"line":73,"column":24},"end":{"line":73,"column":52}},{"start":{"line":73,"column":55},"end":{"line":73,"column":57}}],"line":73},"6":{"loc":{"start":{"line":87,"column":2},"end":{"line":88,"column":65}},"type":"if","locations":[{"start":{"line":87,"column":2},"end":{"line":88,"column":65}},{"start":{},"end":{}}],"line":87},"7":{"loc":{"start":{"line":97,"column":2},"end":{"line":98,"column":60}},"type":"if","locations":[{"start":{"line":97,"column":2},"end":{"line":98,"column":60}},{"start":{},"end":{}}],"line":97},"8":{"loc":{"start":{"line":110,"column":21},"end":{"line":110,"column":43}},"type":"binary-expr","locations":[{"start":{"line":110,"column":21},"end":{"line":110,"column":37}},{"start":{"line":110,"column":41},"end":{"line":110,"column":43}}],"line":110},"9":{"loc":{"start":{"line":124,"column":2},"end":{"line":125,"column":60}},"type":"if","locations":[{"start":{"line":124,"column":2},"end":{"line":125,"column":60}},{"start":{},"end":{}}],"line":124},"10":{"loc":{"start":{"line":145,"column":2},"end":{"line":146,"column":79}},"type":"if","locations":[{"start":{"line":145,"column":2},"end":{"line":146,"column":79}},{"start":{},"end":{}}],"line":145},"11":{"loc":{"start":{"line":155,"column":4},"end":{"line":157,"column":5}},"type":"if","locations":[{"start":{"line":155,"column":4},"end":{"line":157,"column":5}},{"start":{},"end":{}}],"line":155}},"s":{"0":1,"1":1,"2":1,"3":1,"4":1,"5":1,"6":1,"7":1,"8":1,"9":4,"10":0,"11":1,"12":1,"13":0,"14":0,"15":0,"16":1,"17":0,"18":0,"19":0,"20":0,"21":0,"22":0,"23":0,"24":0,"25":0,"26":0,"27":0,"28":0,"29":0,"30":0,"31":0,"32":0,"33":0,"34":0,"35":0,"36":0,"37":0,"38":1,"39":0,"40":0,"41":0,"42":0,"43":0,"44":1,"45":0,"46":0,"47":0,"48":0,"49":0,"50":0,"51":1,"52":0,"53":0,"54":0,"55":0,"56":0,"57":0,"58":1,"59":0,"60":0,"61":0,"62":0,"63":0,"64":0,"65":0,"66":0},"f":{"0":1,"1":4,"2":0,"3":0,"4":0,"5":0,"6":0,"7":0,"8":0,"9":0,"10":0,"11":0},"b":{"0":[0,4],"1":[0,0],"2":[0,0],"3":[0,0],"4":[0,0],"5":[0,0],"6":[0,0],"7":[0,0],"8":[0,0],"9":[0,0],"10":[0,0],"11":[0,0]},"_coverageSchema":"1a1c01bbd47fc00a2c39e90264f33305004495a9","hash":"bfb003549dbe704e49d3a2f9859600848bd7f45b"}
,"/Users/danyvassily/Documents/git-DEV/projetfinal-dany/controllers/upload.controller.js": {"path":"/Users/danyvassily/Documents/git-DEV/projetfinal-dany/controllers/upload.controller.js","statementMap":{"0":{"start":{"line":1,"column":18},"end":{"line":1,"column":49}},"1":{"start":{"line":2,"column":11},"end":{"line":2,"column":24}},"2":{"start":{"line":3,"column":22},"end":{"line":3,"column":37}},"3":{"start":{"line":4,"column":17},"end":{"line":4,"column":54}},"4":{"start":{"line":5,"column":25},"end":{"line":5,"column":57}},"5":{"start":{"line":8,"column":0},"end":{"line":47,"column":2}},"6":{"start":{"line":9,"column":2},"end":{"line":46,"column":3}},"7":{"start":{"line":10,"column":34},"end":{"line":10,"column":42}},"8":{"start":{"line":11,"column":17},"end":{"line":11,"column":25}},"9":{"start":{"line":14,"column":4},"end":{"line":16,"column":5}},"10":{"start":{"line":15,"column":6},"end":{"line":15,"column":34}},"11":{"start":{"line":19,"column":4},"end":{"line":19,"column":52}},"12":{"start":{"line":19,"column":28},"end":{"line":19,"column":52}},"13":{"start":{"line":21,"column":21},"end":{"line":21,"column":61}},"14":{"start":{"line":24,"column":4},"end":{"line":27,"column":6}},"15":{"start":{"line":30,"column":24},"end":{"line":34,"column":5}},"16":{"start":{"line":36,"column":4},"end":{"line":40,"column":5}},"17":{"start":{"line":37,"column":6},"end":{"line":39,"column":61}},"18":{"start":{"line":42,"column":4},"end":{"line":42,"column":38}},"19":{"start":{"line":44,"column":19},"end":{"line":44,"column":36}},"20":{"start":{"line":45,"column":4},"end":{"line":45,"column":37}}},"fnMap":{"0":{"name":"(anonymous_0)","decl":{"start":{"line":8,"column":36},"end":{"line":8,"column":37}},"loc":{"start":{"line":8,"column":56},"end":{"line":47,"column":1}},"line":8}},"branchMap":{"0":{"loc":{"start":{"line":14,"column":4},"end":{"line":16,"column":5}},"type":"if","locations":[{"start":{"line":14,"column":4},"end":{"line":16,"column":5}},{"start":{},"end":{}}],"line":14},"1":{"loc":{"start":{"line":19,"column":4},"end":{"line":19,"column":52}},"type":"if","locations":[{"start":{"line":19,"column":4},"end":{"line":19,"column":52}},{"start":{},"end":{}}],"line":19},"2":{"loc":{"start":{"line":36,"column":4},"end":{"line":40,"column":5}},"type":"if","locations":[{"start":{"line":36,"column":4},"end":{"line":40,"column":5}},{"start":{},"end":{}}],"line":36}},"s":{"0":1,"1":1,"2":1,"3":1,"4":1,"5":1,"6":0,"7":0,"8":0,"9":0,"10":0,"11":0,"12":0,"13":0,"14":0,"15":0,"16":0,"17":0,"18":0,"19":0,"20":0},"f":{"0":0},"b":{"0":[0,0],"1":[0,0],"2":[0,0]},"_coverageSchema":"1a1c01bbd47fc00a2c39e90264f33305004495a9","hash":"7d7fd4d7c59f42df58a82b8f31f4aca68ec324ec"}
,"/Users/danyvassily/Documents/git-DEV/projetfinal-dany/controllers/user.controller.js": {"path":"/Users/danyvassily/Documents/git-DEV/projetfinal-dany/controllers/user.controller.js","statementMap":{"0":{"start":{"line":2,"column":18},"end":{"line":2,"column":49}},"1":{"start":{"line":3,"column":17},"end":{"line":3,"column":51}},"2":{"start":{"line":6,"column":0},"end":{"line":13,"column":2}},"3":{"start":{"line":7,"column":2},"end":{"line":12,"column":3}},"4":{"start":{"line":8,"column":18},"end":{"line":8,"column":60}},"5":{"start":{"line":9,"column":4},"end":{"line":9,"column":32}},"6":{"start":{"line":11,"column":4},"end":{"line":11,"column":51}},"7":{"start":{"line":16,"column":0},"end":{"line":31,"column":2}},"8":{"start":{"line":17,"column":2},"end":{"line":18,"column":65}},"9":{"start":{"line":18,"column":4},"end":{"line":18,"column":65}},"10":{"start":{"line":20,"column":2},"end":{"line":30,"column":3}},"11":{"start":{"line":21,"column":17},"end":{"line":21,"column":76}},"12":{"start":{"line":22,"column":4},"end":{"line":24,"column":5}},"13":{"start":{"line":23,"column":6},"end":{"line":23,"column":60}},"14":{"start":{"line":25,"column":4},"end":{"line":25,"column":19}},"15":{"start":{"line":27,"column":4},"end":{"line":29,"column":72}},"16":{"start":{"line":34,"column":0},"end":{"line":44,"column":2}},"17":{"start":{"line":35,"column":2},"end":{"line":36,"column":65}},"18":{"start":{"line":36,"column":4},"end":{"line":36,"column":65}},"19":{"start":{"line":38,"column":2},"end":{"line":43,"column":3}},"20":{"start":{"line":39,"column":4},"end":{"line":39,"column":53}},"21":{"start":{"line":40,"column":4},"end":{"line":40,"column":75}},"22":{"start":{"line":42,"column":4},"end":{"line":42,"column":51}}},"fnMap":{"0":{"name":"(anonymous_0)","decl":{"start":{"line":6,"column":29},"end":{"line":6,"column":30}},"loc":{"start":{"line":6,"column":49},"end":{"line":13,"column":1}},"line":6},"1":{"name":"(anonymous_1)","decl":{"start":{"line":16,"column":26},"end":{"line":16,"column":27}},"loc":{"start":{"line":16,"column":46},"end":{"line":31,"column":1}},"line":16},"2":{"name":"(anonymous_2)","decl":{"start":{"line":34,"column":28},"end":{"line":34,"column":29}},"loc":{"start":{"line":34,"column":48},"end":{"line":44,"column":1}},"line":34}},"branchMap":{"0":{"loc":{"start":{"line":17,"column":2},"end":{"line":18,"column":65}},"type":"if","locations":[{"start":{"line":17,"column":2},"end":{"line":18,"column":65}},{"start":{},"end":{}}],"line":17},"1":{"loc":{"start":{"line":22,"column":4},"end":{"line":24,"column":5}},"type":"if","locations":[{"start":{"line":22,"column":4},"end":{"line":24,"column":5}},{"start":{},"end":{}}],"line":22},"2":{"loc":{"start":{"line":35,"column":2},"end":{"line":36,"column":65}},"type":"if","locations":[{"start":{"line":35,"column":2},"end":{"line":36,"column":65}},{"start":{},"end":{}}],"line":35}},"s":{"0":1,"1":1,"2":1,"3":0,"4":0,"5":0,"6":0,"7":1,"8":0,"9":0,"10":0,"11":0,"12":0,"13":0,"14":0,"15":0,"16":1,"17":0,"18":0,"19":0,"20":0,"21":0,"22":0},"f":{"0":0,"1":0,"2":0},"b":{"0":[0,0],"1":[0,0],"2":[0,0]},"_coverageSchema":"1a1c01bbd47fc00a2c39e90264f33305004495a9","hash":"b6531e6f5ee561f4eaf0308ce2c681f0695983a2"}
,"/Users/danyvassily/Documents/git-DEV/projetfinal-dany/middleware/auth.middleware.js": {"path":"/Users/danyvassily/Documents/git-DEV/projetfinal-dany/middleware/auth.middleware.js","statementMap":{"0":{"start":{"line":1,"column":12},"end":{"line":1,"column":35}},"1":{"start":{"line":2,"column":18},"end":{"line":2,"column":49}},"2":{"start":{"line":5,"column":0},"end":{"line":29,"column":2}},"3":{"start":{"line":6,"column":16},"end":{"line":6,"column":31}},"4":{"start":{"line":7,"column":2},"end":{"line":28,"column":3}},"5":{"start":{"line":8,"column":4},"end":{"line":23,"column":7}},"6":{"start":{"line":9,"column":6},"end":{"line":22,"column":7}},"7":{"start":{"line":10,"column":8},"end":{"line":10,"column":31}},"8":{"start":{"line":11,"column":8},"end":{"line":11,"column":45}},"9":{"start":{"line":12,"column":8},"end":{"line":12,"column":15}},"10":{"start":{"line":14,"column":8},"end":{"line":21,"column":9}},"11":{"start":{"line":15,"column":23},"end":{"line":15,"column":64}},"12":{"start":{"line":16,"column":10},"end":{"line":16,"column":33}},"13":{"start":{"line":17,"column":10},"end":{"line":17,"column":17}},"14":{"start":{"line":19,"column":10},"end":{"line":19,"column":33}},"15":{"start":{"line":20,"column":10},"end":{"line":20,"column":17}},"16":{"start":{"line":26,"column":4},"end":{"line":26,"column":27}},"17":{"start":{"line":27,"column":4},"end":{"line":27,"column":11}},"18":{"start":{"line":32,"column":0},"end":{"line":46,"column":2}},"19":{"start":{"line":33,"column":16},"end":{"line":33,"column":31}},"20":{"start":{"line":34,"column":2},"end":{"line":45,"column":3}},"21":{"start":{"line":35,"column":4},"end":{"line":42,"column":7}},"22":{"start":{"line":36,"column":6},"end":{"line":41,"column":7}},"23":{"start":{"line":37,"column":8},"end":{"line":37,"column":25}},"24":{"start":{"line":38,"column":8},"end":{"line":38,"column":70}},"25":{"start":{"line":40,"column":8},"end":{"line":40,"column":15}},"26":{"start":{"line":44,"column":4},"end":{"line":44,"column":66}}},"fnMap":{"0":{"name":"(anonymous_0)","decl":{"start":{"line":5,"column":27},"end":{"line":5,"column":28}},"loc":{"start":{"line":5,"column":47},"end":{"line":29,"column":1}},"line":5},"1":{"name":"(anonymous_1)","decl":{"start":{"line":8,"column":48},"end":{"line":8,"column":49}},"loc":{"start":{"line":8,"column":77},"end":{"line":23,"column":5}},"line":8},"2":{"name":"(anonymous_2)","decl":{"start":{"line":32,"column":29},"end":{"line":32,"column":30}},"loc":{"start":{"line":32,"column":49},"end":{"line":46,"column":1}},"line":32},"3":{"name":"(anonymous_3)","decl":{"start":{"line":35,"column":48},"end":{"line":35,"column":49}},"loc":{"start":{"line":35,"column":71},"end":{"line":42,"column":5}},"line":35}},"branchMap":{"0":{"loc":{"start":{"line":7,"column":2},"end":{"line":28,"column":3}},"type":"if","locations":[{"start":{"line":7,"column":2},"end":{"line":28,"column":3}},{"start":{"line":24,"column":9},"end":{"line":28,"column":3}}],"line":7},"1":{"loc":{"start":{"line":9,"column":6},"end":{"line":22,"column":7}},"type":"if","locations":[{"start":{"line":9,"column":6},"end":{"line":22,"column":7}},{"start":{"line":13,"column":13},"end":{"line":22,"column":7}}],"line":9},"2":{"loc":{"start":{"line":34,"column":2},"end":{"line":45,"column":3}},"type":"if","locations":[{"start":{"line":34,"column":2},"end":{"line":45,"column":3}},{"start":{"line":43,"column":9},"end":{"line":45,"column":3}}],"line":34},"3":{"loc":{"start":{"line":36,"column":6},"end":{"line":41,"column":7}},"type":"if","locations":[{"start":{"line":36,"column":6},"end":{"line":41,"column":7}},{"start":{"line":39,"column":13},"end":{"line":41,"column":7}}],"line":36}},"s":{"0":1,"1":1,"2":1,"3":0,"4":0,"5":0,"6":0,"7":0,"8":0,"9":0,"10":0,"11":0,"12":0,"13":0,"14":0,"15":0,"16":0,"17":0,"18":1,"19":0,"20":0,"21":0,"22":0,"23":0,"24":0,"25":0,"26":0},"f":{"0":0,"1":0,"2":0,"3":0},"b":{"0":[0,0],"1":[0,0],"2":[0,0],"3":[0,0]},"_coverageSchema":"1a1c01bbd47fc00a2c39e90264f33305004495a9","hash":"e0247a60708b4f6a5a53a976a052e2a26a560c69"}
,"/Users/danyvassily/Documents/git-DEV/projetfinal-dany/models/post.model.js": {"path":"/Users/danyvassily/Documents/git-DEV/projetfinal-dany/models/post.model.js","statementMap":{"0":{"start":{"line":1,"column":17},"end":{"line":1,"column":36}},"1":{"start":{"line":4,"column":19},"end":{"line":35,"column":1}},"2":{"start":{"line":37,"column":0},"end":{"line":37,"column":52}}},"fnMap":{},"branchMap":{},"s":{"0":1,"1":1,"2":1},"f":{},"b":{},"_coverageSchema":"1a1c01bbd47fc00a2c39e90264f33305004495a9","hash":"04451a4c3446f018f4962f88e8ec08eb387e059f"}
,"/Users/danyvassily/Documents/git-DEV/projetfinal-dany/models/user.model.js": {"path":"/Users/danyvassily/Documents/git-DEV/projetfinal-dany/models/user.model.js","statementMap":{"0":{"start":{"line":1,"column":17},"end":{"line":1,"column":36}},"1":{"start":{"line":2,"column":20},"end":{"line":2,"column":40}},"2":{"start":{"line":3,"column":15},"end":{"line":3,"column":32}},"3":{"start":{"line":5,"column":19},"end":{"line":29,"column":1}},"4":{"start":{"line":32,"column":0},"end":{"line":38,"column":3}},"5":{"start":{"line":33,"column":2},"end":{"line":36,"column":3}},"6":{"start":{"line":34,"column":17},"end":{"line":34,"column":39}},"7":{"start":{"line":35,"column":4},"end":{"line":35,"column":59}},"8":{"start":{"line":37,"column":2},"end":{"line":37,"column":9}},"9":{"start":{"line":41,"column":0},"end":{"line":51,"column":2}},"10":{"start":{"line":42,"column":15},"end":{"line":42,"column":44}},"11":{"start":{"line":43,"column":2},"end":{"line":49,"column":3}},"12":{"start":{"line":44,"column":17},"end":{"line":44,"column":62}},"13":{"start":{"line":45,"column":4},"end":{"line":47,"column":5}},"14":{"start":{"line":46,"column":6},"end":{"line":46,"column":18}},"15":{"start":{"line":48,"column":4},"end":{"line":48,"column":49}},"16":{"start":{"line":50,"column":2},"end":{"line":50,"column":40}},"17":{"start":{"line":53,"column":18},"end":{"line":53,"column":52}},"18":{"start":{"line":55,"column":0},"end":{"line":55,"column":27}}},"fnMap":{"0":{"name":"(anonymous_0)","decl":{"start":{"line":32,"column":23},"end":{"line":32,"column":24}},"loc":{"start":{"line":32,"column":45},"end":{"line":38,"column":1}},"line":32},"1":{"name":"(anonymous_1)","decl":{"start":{"line":41,"column":27},"end":{"line":41,"column":28}},"loc":{"start":{"line":41,"column":60},"end":{"line":51,"column":1}},"line":41}},"branchMap":{"0":{"loc":{"start":{"line":33,"column":2},"end":{"line":36,"column":3}},"type":"if","locations":[{"start":{"line":33,"column":2},"end":{"line":36,"column":3}},{"start":{},"end":{}}],"line":33},"1":{"loc":{"start":{"line":43,"column":2},"end":{"line":49,"column":3}},"type":"if","locations":[{"start":{"line":43,"column":2},"end":{"line":49,"column":3}},{"start":{},"end":{}}],"line":43},"2":{"loc":{"start":{"line":45,"column":4},"end":{"line":47,"column":5}},"type":"if","locations":[{"start":{"line":45,"column":4},"end":{"line":47,"column":5}},{"start":{},"end":{}}],"line":45}},"s":{"0":1,"1":1,"2":1,"3":1,"4":1,"5":3,"6":3,"7":3,"8":3,"9":1,"10":0,"11":0,"12":0,"13":0,"14":0,"15":0,"16":0,"17":1,"18":1},"f":{"0":3,"1":0},"b":{"0":[3,0],"1":[0,0],"2":[0,0]},"_coverageSchema":"1a1c01bbd47fc00a2c39e90264f33305004495a9","hash":"29b8554cd28c8b1b4a7f6bb8354f02af1439e4fe"}
,"/Users/danyvassily/Documents/git-DEV/projetfinal-dany/routes/post.routes.js": {"path":"/Users/danyvassily/Documents/git-DEV/projetfinal-dany/routes/post.routes.js","statementMap":{"0":{"start":{"line":1,"column":15},"end":{"line":1,"column":42}},"1":{"start":{"line":2,"column":23},"end":{"line":2,"column":64}},"2":{"start":{"line":3,"column":25},"end":{"line":3,"column":68}},"3":{"start":{"line":4,"column":15},"end":{"line":4,"column":32}},"4":{"start":{"line":7,"column":16},"end":{"line":7,"column":38}},"5":{"start":{"line":8,"column":15},"end":{"line":8,"column":34}},"6":{"start":{"line":11,"column":0},"end":{"line":11,"column":41}},"7":{"start":{"line":12,"column":0},"end":{"line":12,"column":67}},"8":{"start":{"line":13,"column":0},"end":{"line":13,"column":46}},"9":{"start":{"line":14,"column":0},"end":{"line":14,"column":49}},"10":{"start":{"line":17,"column":0},"end":{"line":17,"column":62}},"11":{"start":{"line":18,"column":0},"end":{"line":18,"column":75}},"12":{"start":{"line":21,"column":0},"end":{"line":25,"column":2}},"13":{"start":{"line":27,"column":0},"end":{"line":27,"column":24}}},"fnMap":{},"branchMap":{},"s":{"0":1,"1":1,"2":1,"3":1,"4":1,"5":1,"6":1,"7":1,"8":1,"9":1,"10":1,"11":1,"12":1,"13":1},"f":{},"b":{},"_coverageSchema":"1a1c01bbd47fc00a2c39e90264f33305004495a9","hash":"365701c4cdcce3e0ed914f8a29341e5a4f66ef8a"}
,"/Users/danyvassily/Documents/git-DEV/projetfinal-dany/routes/user.routes.js": {"path":"/Users/danyvassily/Documents/git-DEV/projetfinal-dany/routes/user.routes.js","statementMap":{"0":{"start":{"line":1,"column":15},"end":{"line":1,"column":42}},"1":{"start":{"line":2,"column":23},"end":{"line":2,"column":64}},"2":{"start":{"line":3,"column":23},"end":{"line":3,"column":64}},"3":{"start":{"line":4,"column":15},"end":{"line":4,"column":32}},"4":{"start":{"line":7,"column":16},"end":{"line":7,"column":38}},"5":{"start":{"line":8,"column":15},"end":{"line":8,"column":34}},"6":{"start":{"line":11,"column":0},"end":{"line":11,"column":48}},"7":{"start":{"line":12,"column":0},"end":{"line":12,"column":45}},"8":{"start":{"line":13,"column":0},"end":{"line":13,"column":45}},"9":{"start":{"line":16,"column":0},"end":{"line":16,"column":44}},"10":{"start":{"line":17,"column":0},"end":{"line":17,"column":44}},"11":{"start":{"line":18,"column":0},"end":{"line":18,"column":49}},"12":{"start":{"line":20,"column":0},"end":{"line":20,"column":24}}},"fnMap":{},"branchMap":{},"s":{"0":1,"1":1,"2":1,"3":1,"4":1,"5":1,"6":1,"7":1,"8":1,"9":1,"10":1,"11":1,"12":1},"f":{},"b":{},"_coverageSchema":"1a1c01bbd47fc00a2c39e90264f33305004495a9","hash":"e7b2351c5186577a3028d6a8d3f9905f6cf522d1"}
,"/Users/danyvassily/Documents/git-DEV/projetfinal-dany/utils/errors.utils.js": {"path":"/Users/danyvassily/Documents/git-DEV/projetfinal-dany/utils/errors.utils.js","statementMap":{"0":{"start":{"line":2,"column":0},"end":{"line":14,"column":2}},"1":{"start":{"line":3,"column":15},"end":{"line":3,"column":42}},"2":{"start":{"line":5,"column":2},"end":{"line":5,"column":70}},"3":{"start":{"line":5,"column":37},"end":{"line":5,"column":70}},"4":{"start":{"line":7,"column":2},"end":{"line":8,"column":72}},"5":{"start":{"line":8,"column":4},"end":{"line":8,"column":72}},"6":{"start":{"line":10,"column":2},"end":{"line":11,"column":51}},"7":{"start":{"line":11,"column":4},"end":{"line":11,"column":51}},"8":{"start":{"line":13,"column":2},"end":{"line":13,"column":16}},"9":{"start":{"line":17,"column":0},"end":{"line":29,"column":2}},"10":{"start":{"line":18,"column":15},"end":{"line":18,"column":42}},"11":{"start":{"line":20,"column":2},"end":{"line":22,"column":3}},"12":{"start":{"line":21,"column":4},"end":{"line":21,"column":35}},"13":{"start":{"line":24,"column":2},"end":{"line":26,"column":3}},"14":{"start":{"line":25,"column":4},"end":{"line":25,"column":58}},"15":{"start":{"line":28,"column":2},"end":{"line":28,"column":16}},"16":{"start":{"line":32,"column":0},"end":{"line":44,"column":2}},"17":{"start":{"line":33,"column":15},"end":{"line":33,"column":42}},"18":{"start":{"line":35,"column":2},"end":{"line":37,"column":3}},"19":{"start":{"line":36,"column":4},"end":{"line":36,"column":42}},"20":{"start":{"line":39,"column":2},"end":{"line":41,"column":3}},"21":{"start":{"line":40,"column":4},"end":{"line":40,"column":48}},"22":{"start":{"line":43,"column":2},"end":{"line":43,"column":16}}},"fnMap":{"0":{"name":"(anonymous_0)","decl":{"start":{"line":2,"column":30},"end":{"line":2,"column":31}},"loc":{"start":{"line":2,"column":39},"end":{"line":14,"column":1}},"line":2},"1":{"name":"(anonymous_1)","decl":{"start":{"line":17,"column":30},"end":{"line":17,"column":31}},"loc":{"start":{"line":17,"column":39},"end":{"line":29,"column":1}},"line":17},"2":{"name":"(anonymous_2)","decl":{"start":{"line":32,"column":30},"end":{"line":32,"column":31}},"loc":{"start":{"line":32,"column":39},"end":{"line":44,"column":1}},"line":32}},"branchMap":{"0":{"loc":{"start":{"line":5,"column":2},"end":{"line":5,"column":70}},"type":"if","locations":[{"start":{"line":5,"column":2},"end":{"line":5,"column":70}},{"start":{},"end":{}}],"line":5},"1":{"loc":{"start":{"line":7,"column":2},"end":{"line":8,"column":72}},"type":"if","locations":[{"start":{"line":7,"column":2},"end":{"line":8,"column":72}},{"start":{},"end":{}}],"line":7},"2":{"loc":{"start":{"line":10,"column":2},"end":{"line":11,"column":51}},"type":"if","locations":[{"start":{"line":10,"column":2},"end":{"line":11,"column":51}},{"start":{},"end":{}}],"line":10},"3":{"loc":{"start":{"line":10,"column":6},"end":{"line":10,"column":74}},"type":"binary-expr","locations":[{"start":{"line":10,"column":6},"end":{"line":10,"column":24}},{"start":{"line":10,"column":28},"end":{"line":10,"column":74}}],"line":10},"4":{"loc":{"start":{"line":20,"column":2},"end":{"line":22,"column":3}},"type":"if","locations":[{"start":{"line":20,"column":2},"end":{"line":22,"column":3}},{"start":{},"end":{}}],"line":20},"5":{"loc":{"start":{"line":24,"column":2},"end":{"line":26,"column":3}},"type":"if","locations":[{"start":{"line":24,"column":2},"end":{"line":26,"column":3}},{"start":{},"end":{}}],"line":24},"6":{"loc":{"start":{"line":35,"column":2},"end":{"line":37,"column":3}},"type":"if","locations":[{"start":{"line":35,"column":2},"end":{"line":37,"column":3}},{"start":{},"end":{}}],"line":35},"7":{"loc":{"start":{"line":39,"column":2},"end":{"line":41,"column":3}},"type":"if","locations":[{"start":{"line":39,"column":2},"end":{"line":41,"column":3}},{"start":{},"end":{}}],"line":39}},"s":{"0":1,"1":3,"2":3,"3":2,"4":3,"5":1,"6":3,"7":1,"8":3,"9":1,"10":0,"11":0,"12":0,"13":0,"14":0,"15":0,"16":1,"17":0,"18":0,"19":0,"20":0,"21":0,"22":0},"f":{"0":3,"1":0,"2":0},"b":{"0":[2,1],"1":[1,2],"2":[1,2],"3":[3,1],"4":[0,0],"5":[0,0],"6":[0,0],"7":[0,0]},"_coverageSchema":"1a1c01bbd47fc00a2c39e90264f33305004495a9","hash":"dfc4c774d1ad610dd856b402f170de6516939c6e"}
}
